<?xml version="1.0" encoding="UTF-8"?>
<coverage generated="1632055763781" clover="3.2.0">
  <project timestamp="1632055763781" name="All files">
    <metrics statements="109" coveredstatements="83" conditionals="22" coveredconditionals="8" methods="22" coveredmethods="13" elements="153" coveredelements="104" complexity="0" loc="109" ncloc="109" packages="5" files="8" classes="8">
      <package name="coinmixer">
        <metrics statements="35" coveredstatements="29" conditionals="6" coveredconditionals="1" methods="3" coveredmethods="3"/>
        <file name="apiClient.js" path="/Users/gannamr/coinmixer/apiClient.js">
          <metrics statements="30" coveredstatements="24" conditionals="6" coveredconditionals="1" methods="3" coveredmethods="3"/>
          <line num="3" count="3" type="stmt"/>
          <line num="4" count="3" type="stmt"/>
          <line num="5" count="3" type="stmt"/>
          <line num="8" count="3" type="stmt"/>
          <line num="9" count="3" type="stmt"/>
          <line num="10" count="3" type="stmt"/>
          <line num="13" count="3" type="stmt"/>
          <line num="14" count="2" type="stmt"/>
          <line num="15" count="2" type="stmt"/>
          <line num="20" count="1" type="stmt"/>
          <line num="23" count="1" type="stmt"/>
          <line num="26" count="1" type="cond" truecount="1" falsecount="1"/>
          <line num="27" count="0" type="stmt"/>
          <line num="34" count="3" type="stmt"/>
          <line num="35" count="2" type="stmt"/>
          <line num="36" count="2" type="stmt"/>
          <line num="46" count="2" type="stmt"/>
          <line num="51" count="0" type="cond" truecount="0" falsecount="2"/>
          <line num="52" count="0" type="stmt"/>
          <line num="56" count="0" type="stmt"/>
          <line num="60" count="3" type="stmt"/>
          <line num="61" count="2" type="stmt"/>
          <line num="62" count="2" type="stmt"/>
          <line num="63" count="2" type="stmt"/>
          <line num="68" count="2" type="stmt"/>
          <line num="71" count="2" type="stmt"/>
          <line num="72" count="2" type="stmt"/>
          <line num="75" count="0" type="cond" truecount="0" falsecount="2"/>
          <line num="76" count="0" type="stmt"/>
          <line num="83" count="3" type="stmt"/>
        </file>
        <file name="utils.js" path="/Users/gannamr/coinmixer/utils.js">
          <metrics statements="5" coveredstatements="5" conditionals="0" coveredconditionals="0" methods="0" coveredmethods="0"/>
          <line num="3" count="1" type="stmt"/>
          <line num="5" count="1" type="stmt"/>
          <line num="7" count="1" type="stmt"/>
          <line num="8" count="1" type="stmt"/>
          <line num="15" count="1" type="stmt"/>
        </file>
      </package>
      <package name="coinmixer.config">
        <metrics statements="13" coveredstatements="12" conditionals="2" coveredconditionals="1" methods="0" coveredmethods="0"/>
        <file name="development.js" path="/Users/gannamr/coinmixer/config/development.js">
          <metrics statements="2" coveredstatements="2" conditionals="0" coveredconditionals="0" methods="0" coveredmethods="0"/>
          <line num="2" count="3" type="stmt"/>
          <line num="10" count="3" type="stmt"/>
        </file>
        <file name="index.js" path="/Users/gannamr/coinmixer/config/index.js">
          <metrics statements="11" coveredstatements="10" conditionals="2" coveredconditionals="1" methods="0" coveredmethods="0"/>
          <line num="4" count="3" type="stmt"/>
          <line num="5" count="3" type="stmt"/>
          <line num="7" count="3" type="stmt"/>
          <line num="8" count="3" type="stmt"/>
          <line num="9" count="3" type="stmt"/>
          <line num="10" count="3" type="cond" truecount="1" falsecount="1"/>
          <line num="11" count="3" type="stmt"/>
          <line num="13" count="3" type="stmt"/>
          <line num="14" count="3" type="stmt"/>
          <line num="16" count="0" type="stmt"/>
          <line num="19" count="3" type="stmt"/>
        </file>
      </package>
      <package name="coinmixer.logging">
        <metrics statements="10" coveredstatements="10" conditionals="6" coveredconditionals="4" methods="1" coveredmethods="1"/>
        <file name="index.js" path="/Users/gannamr/coinmixer/logging/index.js">
          <metrics statements="10" coveredstatements="10" conditionals="6" coveredconditionals="4" methods="1" coveredmethods="1"/>
          <line num="4" count="1" type="stmt"/>
          <line num="5" count="1" type="stmt"/>
          <line num="7" count="1" type="stmt"/>
          <line num="8" count="2" type="stmt"/>
          <line num="11" count="2" type="cond" truecount="2" falsecount="0"/>
          <line num="12" count="1" type="stmt"/>
          <line num="13" count="1" type="cond" truecount="2" falsecount="2"/>
          <line num="14" count="1" type="stmt"/>
          <line num="17" count="2" type="stmt"/>
          <line num="20" count="1" type="stmt"/>
        </file>
      </package>
      <package name="coinmixer.models">
        <metrics statements="16" coveredstatements="9" conditionals="0" coveredconditionals="0" methods="11" coveredmethods="4"/>
        <file name="TransactionRecord.js" path="/Users/gannamr/coinmixer/models/TransactionRecord.js">
          <metrics statements="16" coveredstatements="9" conditionals="0" coveredconditionals="0" methods="11" coveredmethods="4"/>
          <line num="6" count="1" type="stmt"/>
          <line num="7" count="1" type="stmt"/>
          <line num="8" count="1" type="stmt"/>
          <line num="9" count="1" type="stmt"/>
          <line num="10" count="1" type="stmt"/>
          <line num="14" count="0" type="stmt"/>
          <line num="17" count="1" type="stmt"/>
          <line num="20" count="0" type="stmt"/>
          <line num="23" count="1" type="stmt"/>
          <line num="26" count="0" type="stmt"/>
          <line num="29" count="0" type="stmt"/>
          <line num="32" count="0" type="stmt"/>
          <line num="35" count="1" type="stmt"/>
          <line num="38" count="0" type="stmt"/>
          <line num="41" count="0" type="stmt"/>
          <line num="45" count="1" type="stmt"/>
        </file>
      </package>
      <package name="coinmixer.services">
        <metrics statements="35" coveredstatements="23" conditionals="8" coveredconditionals="2" methods="7" coveredmethods="5"/>
        <file name="dole-service.js" path="/Users/gannamr/coinmixer/services/dole-service.js">
          <metrics statements="19" coveredstatements="12" conditionals="6" coveredconditionals="1" methods="3" coveredmethods="3"/>
          <line num="3" count="1" type="stmt"/>
          <line num="4" count="1" type="stmt"/>
          <line num="6" count="1" type="stmt"/>
          <line num="7" count="1" type="stmt"/>
          <line num="12" count="1" type="stmt"/>
          <line num="16" count="1" type="stmt"/>
          <line num="17" count="1" type="stmt"/>
          <line num="18" count="1" type="stmt"/>
          <line num="19" count="1" type="stmt"/>
          <line num="22" count="1" type="stmt"/>
          <line num="23" count="1" type="cond" truecount="1" falsecount="1"/>
          <line num="24" count="0" type="cond" truecount="0" falsecount="2"/>
          <line num="25" count="0" type="stmt"/>
          <line num="26" count="0" type="cond" truecount="0" falsecount="2"/>
          <line num="27" count="0" type="stmt"/>
          <line num="29" count="0" type="stmt"/>
          <line num="34" count="0" type="stmt"/>
          <line num="35" count="0" type="stmt"/>
          <line num="40" count="1" type="stmt"/>
        </file>
        <file name="polling-service.js" path="/Users/gannamr/coinmixer/services/polling-service.js">
          <metrics statements="16" coveredstatements="11" conditionals="2" coveredconditionals="1" methods="4" coveredmethods="2"/>
          <line num="3" count="1" type="stmt"/>
          <line num="4" count="1" type="stmt"/>
          <line num="5" count="1" type="stmt"/>
          <line num="7" count="1" type="stmt"/>
          <line num="8" count="1" type="stmt"/>
          <line num="13" count="0" type="stmt"/>
          <line num="17" count="1" type="stmt"/>
          <line num="18" count="0" type="stmt"/>
          <line num="19" count="0" type="stmt"/>
          <line num="24" count="1" type="stmt"/>
          <line num="25" count="1" type="stmt"/>
          <line num="26" count="1" type="cond" truecount="1" falsecount="1"/>
          <line num="27" count="0" type="stmt"/>
          <line num="28" count="0" type="stmt"/>
          <line num="30" count="1" type="stmt"/>
          <line num="35" count="1" type="stmt"/>
        </file>
      </package>
    </metrics>
  </project>
</coverage>
