TN:
SF:/Users/gannamr/coinmixer/apiClient.js
FN:13,(anonymous_0)
FN:34,(anonymous_1)
FN:60,(anonymous_2)
FNF:3
FNH:3
FNDA:2,(anonymous_0)
FNDA:2,(anonymous_1)
FNDA:2,(anonymous_2)
DA:3,3
DA:4,3
DA:5,3
DA:8,3
DA:9,3
DA:10,3
DA:13,3
DA:14,2
DA:15,2
DA:20,1
DA:23,1
DA:26,1
DA:27,0
DA:34,3
DA:35,2
DA:36,2
DA:46,2
DA:51,0
DA:52,0
DA:56,0
DA:60,3
DA:61,2
DA:62,2
DA:63,2
DA:68,2
DA:71,2
DA:72,2
DA:75,0
DA:76,0
DA:83,3
LF:30
LH:24
BRDA:26,0,0,0
BRDA:26,0,1,1
BRDA:51,1,0,0
BRDA:51,1,1,0
BRDA:75,2,0,0
BRDA:75,2,1,0
BRF:6
BRH:1
end_of_record
TN:
SF:/Users/gannamr/coinmixer/utils.js
FNF:0
FNH:0
DA:3,1
DA:5,1
DA:7,1
DA:8,1
DA:15,1
LF:5
LH:5
BRF:0
BRH:0
end_of_record
TN:
SF:/Users/gannamr/coinmixer/config/development.js
FNF:0
FNH:0
DA:2,3
DA:10,3
LF:2
LH:2
BRF:0
BRH:0
end_of_record
TN:
SF:/Users/gannamr/coinmixer/config/index.js
FNF:0
FNH:0
DA:4,3
DA:5,3
DA:7,3
DA:8,3
DA:9,3
DA:10,3
DA:11,3
DA:13,3
DA:14,3
DA:16,0
DA:19,3
LF:11
LH:10
BRDA:10,0,0,3
BRDA:10,0,1,0
BRF:2
BRH:1
end_of_record
TN:
SF:/Users/gannamr/coinmixer/logging/index.js
FN:7,(anonymous_0)
FNF:1
FNH:1
FNDA:2,(anonymous_0)
DA:4,1
DA:5,1
DA:7,1
DA:8,2
DA:11,2
DA:12,1
DA:13,1
DA:14,1
DA:17,2
DA:20,1
LF:10
LH:10
BRDA:11,0,0,1
BRDA:11,0,1,1
BRDA:13,1,0,1
BRDA:13,1,1,0
BRDA:13,2,0,1
BRDA:13,2,1,0
BRF:6
BRH:4
end_of_record
TN:
SF:/Users/gannamr/coinmixer/models/TransactionRecord.js
FN:5,(anonymous_0)
FN:13,(anonymous_1)
FN:16,(anonymous_2)
FN:19,(anonymous_3)
FN:22,(anonymous_4)
FN:25,(anonymous_5)
FN:28,(anonymous_6)
FN:31,(anonymous_7)
FN:34,(anonymous_8)
FN:37,(anonymous_9)
FN:40,(anonymous_10)
FNF:11
FNH:4
FNDA:1,(anonymous_0)
FNDA:0,(anonymous_1)
FNDA:1,(anonymous_2)
FNDA:0,(anonymous_3)
FNDA:1,(anonymous_4)
FNDA:0,(anonymous_5)
FNDA:0,(anonymous_6)
FNDA:0,(anonymous_7)
FNDA:1,(anonymous_8)
FNDA:0,(anonymous_9)
FNDA:0,(anonymous_10)
DA:6,1
DA:7,1
DA:8,1
DA:9,1
DA:10,1
DA:14,0
DA:17,1
DA:20,0
DA:23,1
DA:26,0
DA:29,0
DA:32,0
DA:35,1
DA:38,0
DA:41,0
DA:45,1
LF:16
LH:9
BRF:0
BRH:0
end_of_record
TN:
SF:/Users/gannamr/coinmixer/services/dole-service.js
FN:11,(anonymous_0)
FN:12,(anonymous_1)
FN:15,(anonymous_2)
FNF:3
FNH:3
FNDA:1,(anonymous_0)
FNDA:1,(anonymous_1)
FNDA:1,(anonymous_2)
DA:3,1
DA:4,1
DA:6,1
DA:7,1
DA:12,1
DA:16,1
DA:17,1
DA:18,1
DA:19,1
DA:22,1
DA:23,1
DA:24,0
DA:25,0
DA:26,0
DA:27,0
DA:29,0
DA:34,0
DA:35,0
DA:40,1
LF:19
LH:12
BRDA:23,0,0,0
BRDA:23,0,1,1
BRDA:24,1,0,0
BRDA:24,1,1,0
BRDA:26,2,0,0
BRDA:26,2,1,0
BRF:6
BRH:1
end_of_record
TN:
SF:/Users/gannamr/coinmixer/services/polling-service.js
FN:12,(anonymous_0)
FN:16,(anonymous_1)
FN:17,(anonymous_2)
FN:23,(anonymous_3)
FNF:4
FNH:2
FNDA:0,(anonymous_0)
FNDA:1,(anonymous_1)
FNDA:0,(anonymous_2)
FNDA:1,(anonymous_3)
DA:3,1
DA:4,1
DA:5,1
DA:7,1
DA:8,1
DA:13,0
DA:17,1
DA:18,0
DA:19,0
DA:24,1
DA:25,1
DA:26,1
DA:27,0
DA:28,0
DA:30,1
DA:35,1
LF:16
LH:11
BRDA:26,0,0,0
BRDA:26,0,1,1
BRF:2
BRH:1
end_of_record
